Determining if the pthread_create exist failed with the following output:
Change Dir: /home/ghost/src/slam/lidar/pcl_test/build/CMakeFiles/CMakeTmp

Run Build Command:"/usr/bin/make" "cmTC_89f58/fast"
make[1]: Entering directory '/home/ghost/src/slam/lidar/pcl_test/build/CMakeFiles/CMakeTmp'
/usr/bin/make -f CMakeFiles/cmTC_89f58.dir/build.make CMakeFiles/cmTC_89f58.dir/build
make[2]: Entering directory '/home/ghost/src/slam/lidar/pcl_test/build/CMakeFiles/CMakeTmp'
Building C object CMakeFiles/cmTC_89f58.dir/CheckSymbolExists.c.o
/usr/bin/cc    -o CMakeFiles/cmTC_89f58.dir/CheckSymbolExists.c.o   -c /home/ghost/src/slam/lidar/pcl_test/build/CMakeFiles/CMakeTmp/CheckSymbolExists.c
Linking C executable cmTC_89f58
/usr/bin/cmake -E cmake_link_script CMakeFiles/cmTC_89f58.dir/link.txt --verbose=1
/usr/bin/cc      -rdynamic CMakeFiles/cmTC_89f58.dir/CheckSymbolExists.c.o  -o cmTC_89f58 
CMakeFiles/cmTC_89f58.dir/CheckSymbolExists.c.o: In function `main':
CheckSymbolExists.c:(.text+0x1b): undefined reference to `pthread_create'
collect2: error: ld returned 1 exit status
CMakeFiles/cmTC_89f58.dir/build.make:97: recipe for target 'cmTC_89f58' failed
make[2]: *** [cmTC_89f58] Error 1
make[2]: Leaving directory '/home/ghost/src/slam/lidar/pcl_test/build/CMakeFiles/CMakeTmp'
Makefile:126: recipe for target 'cmTC_89f58/fast' failed
make[1]: *** [cmTC_89f58/fast] Error 2
make[1]: Leaving directory '/home/ghost/src/slam/lidar/pcl_test/build/CMakeFiles/CMakeTmp'

File /home/ghost/src/slam/lidar/pcl_test/build/CMakeFiles/CMakeTmp/CheckSymbolExists.c:
/* */
#include <pthread.h>

int main(int argc, char** argv)
{
  (void)argv;
#ifndef pthread_create
  return ((int*)(&pthread_create))[argc];
#else
  (void)argc;
  return 0;
#endif
}

Determining if the function pthread_create exists in the pthreads failed with the following output:
Change Dir: /home/ghost/src/slam/lidar/pcl_test/build/CMakeFiles/CMakeTmp

Run Build Command:"/usr/bin/make" "cmTC_2f75f/fast"
make[1]: Entering directory '/home/ghost/src/slam/lidar/pcl_test/build/CMakeFiles/CMakeTmp'
/usr/bin/make -f CMakeFiles/cmTC_2f75f.dir/build.make CMakeFiles/cmTC_2f75f.dir/build
make[2]: Entering directory '/home/ghost/src/slam/lidar/pcl_test/build/CMakeFiles/CMakeTmp'
Building C object CMakeFiles/cmTC_2f75f.dir/CheckFunctionExists.c.o
/usr/bin/cc   -DCHECK_FUNCTION_EXISTS=pthread_create   -o CMakeFiles/cmTC_2f75f.dir/CheckFunctionExists.c.o   -c /usr/share/cmake-3.10/Modules/CheckFunctionExists.c
Linking C executable cmTC_2f75f
/usr/bin/cmake -E cmake_link_script CMakeFiles/cmTC_2f75f.dir/link.txt --verbose=1
/usr/bin/cc  -DCHECK_FUNCTION_EXISTS=pthread_create    -rdynamic CMakeFiles/cmTC_2f75f.dir/CheckFunctionExists.c.o  -o cmTC_2f75f -lpthreads 
/usr/bin/x86_64-linux-gnu-ld: cannot find -lpthreads
collect2: error: ld returned 1 exit status
CMakeFiles/cmTC_2f75f.dir/build.make:97: recipe for target 'cmTC_2f75f' failed
make[2]: *** [cmTC_2f75f] Error 1
make[2]: Leaving directory '/home/ghost/src/slam/lidar/pcl_test/build/CMakeFiles/CMakeTmp'
Makefile:126: recipe for target 'cmTC_2f75f/fast' failed
make[1]: *** [cmTC_2f75f/fast] Error 2
make[1]: Leaving directory '/home/ghost/src/slam/lidar/pcl_test/build/CMakeFiles/CMakeTmp'


